make all --print-data-base --no-builtin-variables --no-builtin-rules --question
# GNU Make 3.81
# Copyright (C) 2006  Free Software Foundation, Inc.
# This is free software; see the source for copying conditions.
# There is NO warranty; not even for MERCHANTABILITY or FITNESS FOR A
# PARTICULAR PURPOSE.

# This program built for i386-apple-darwin11.3.0
 

# Make data base, printed on Sat May 14 18:16:24 2022

# Variables

# automatic
<D = $(patsubst %/,%,$(dir $<))
# automatic
?F = $(notdir $?)
# environment
AIRFLOW_HOME = /Users/binchen/Dropbox/cloud/ETL/airflow/project
# environment
VSCODE_LOG_NATIVE = false
# automatic
?D = $(patsubst %/,%,$(dir $?))
# environment
FLASK_APP = application.py
# automatic
@D = $(patsubst %/,%,$(dir $@))
# automatic
@F = $(notdir $@)
# makefile
CURDIR := /Users/binchen/Dropbox/code/Go/proglog
# makefile
SHELL = /bin/sh
# environment
VSCODE_NLS_CONFIG = {"locale":"en-us","availableLanguages":{},"_languagePackSupport":true}
# environment
_ = /usr/bin/make
# environment
SPARKROOT = /opt/spark/spark-3.0.0-bin-hadoop2.7
# makefile (from `Makefile', line 1)
MAKEFILE_LIST :=  Makefile
# environment
GO111MODULE = on
# environment
VSCODE_AMD_ENTRYPOINT = vs/workbench/api/node/extensionHostProcess
# environment
VSCODE_VERBOSE_LOGGING = true
# environment
__CFBundleIdentifier = com.microsoft.VSCode
# environment
HADOOP_COMMON_HOME = /opt/hadoop/hadoop-3.3.0
# environment
VSCODE_IPC_HOOK_EXTHOST = /var/folders/yv/s313mw2141q8k8pp44cn81qh0000gn/T/vscode-ipc-fc9fd4e1-a173-4270-b5d1-7f75f9a7ee2c.sock
# environment
tricks = /Users/binchen/Dropbox/python/python_tricks
# environment
VSCODE_CWD = /
# environment
GOPROXY = https://proxy.golang.org,direct
# environment
PATH = /opt/hive/apache-hive-3.1.2-bin/bin:/Users/binchen/.deno/bin:/usr/local/bin:/usr/bin:/bin:/usr/sbin:/sbin:/Applications/VMware Fusion.app/Contents/Public:/Library/TeX/texbin:/opt/X11/bin:/Library/Apple/usr/bin:/opt/anaconda3/bin:/Users/binchen/softwares/bin:/opt/flutter/bin:/Users/binchen/Library/Android/sdk/platform-tools:/opt/spark/spark-3.0.0-bin-hadoop2.7/bin:/opt/hadoop/hadoop-3.3.0/sbin:/opt/hadoop/hadoop-3.3.0/bin:/Users/binchen/Dropbox/langs/go/bin
# environment
FLASK_DEBUG = 1
# environment
GOPATH = /Users/binchen/Dropbox/langs/go
# environment
SPARKEXAMPLES = /opt/spark/spark-3.0.0-bin-hadoop2.7/examples/
# environment
LaunchInstanceID = 1351F6DF-7C24-4109-83D3-416B8D457143
# makefile (from `Makefile', line 1)
CONFIG_PATH = ${HOME}/.proglog
# environment
VSCODE_LOG_STACK = false
# environment
ELECTRON_RUN_AS_NODE = 1
# default
.FEATURES := target-specific order-only second-expansion else-if archives jobserver check-symlink
# environment
SSH_AUTH_SOCK = /var/folders/yv/s313mw2141q8k8pp44cn81qh0000gn/T//ssh-JMTLKuLH6cns/agent.1338
# automatic
%F = $(notdir $%)
# environment
DISPLAY = /private/tmp/com.apple.launchd.yN4MbE1sxy/org.macosforge.xquartz:0
# environment
maestro = /Users/binchen/Tech/code/python/flask/Workspace/maestro-eb
# environment
VSCODE_PIPE_LOGGING = true
# environment
HOME = /Users/binchen
# environment
PWD = /Users/binchen/Dropbox/code/Go/proglog
# environment
SSH_AGENT_PID = 1339
# environment
ORIGINAL_XDG_CURRENT_DESKTOP = undefined
# environment
HADOOP_HOME = /opt/hadoop/hadoop-3.3.0
# environment
GOMODCACHE = /Users/binchen/Dropbox/langs/go/pkg/mod
# environment
HIVE_HOME = /opt/hive/apache-hive-3.1.2-bin
# default
MAKEFILEPATH := /Applications/Xcode.app/Contents/Developer/Makefiles
# environment
VSCODE_CODE_CACHE_PATH = /Users/binchen/Library/Application Support/Code/CachedData/da15b6fd3ef856477bf6f4fb29ba1b7af717770d
# environment
LOGNAME = binchen
# environment
APPLICATION_INSIGHTS_NO_DIAGNOSTIC_CHANNEL = 1
# environment
memo = /Users/binchen/Dropbox/Reglab/memo
# environment
soutigo = /Users/binchen/Dropbox/code/python/django/soutigo
# environment
VSCODE_HANDLES_UNCAUGHT_ERRORS = true
# automatic
^D = $(patsubst %/,%,$(dir $^))
# environment
XPC_FLAGS = 0x0
# default
MAKE = $(MAKE_COMMAND)
# default
MAKECMDGOALS := all
# environment
SHLVL = 2
# environment
JAVA_HOME = /Library/Java/JavaVirtualMachines/jdk-13.0.1.jdk/Contents/Home/
# default
MAKE_VERSION := 3.81
# environment
USER = binchen
# makefile
.DEFAULT_GOAL := init
# automatic
%D = $(patsubst %/,%,$(dir $%))
# default
MAKE_COMMAND := /Applications/Xcode.app/Contents/Developer/usr/bin/make
# default
.VARIABLES := 
# environment
TMPDIR = /var/folders/yv/s313mw2141q8k8pp44cn81qh0000gn/T/
# automatic
*F = $(notdir $*)
# environment
VSCODE_IPC_HOOK = /Users/binchen/Library/Application Support/Code/1.67.1-main.sock
# makefile
MAKEFLAGS = Rrqp
# environment
MFLAGS = -Rrqp
# automatic
*D = $(patsubst %/,%,$(dir $*))
# environment
XPC_SERVICE_NAME = application.com.microsoft.VSCode.104234827.104234833
# automatic
+D = $(patsubst %/,%,$(dir $+))
# automatic
+F = $(notdir $+)
# environment
PULUMI_ACCESS_TOKEN = pul-b7fbe2021257f830cedcdbd456e81ecc185d9fe7
# environment
__CF_USER_TEXT_ENCODING = 0x1F5:0x0:0x0
# environment
COMMAND_MODE = unix2003
# default
MAKEFILES := 
# automatic
<F = $(notdir $<)
# environment
JAVA8_HOME = /Library/Java/JavaVirtualMachines/adoptopenjdk-8.jdk/Contents/Home
# environment
LC_ALL = C
# environment
ANSIBLE_HOST_KEY_CHECKING = False
# environment
SECURITYSESSIONID = 186a7
# automatic
^F = $(notdir $^)
# default
SUFFIXES := 
# default
.INCLUDE_DIRS = /usr/local/include
# environment
MAKELEVEL := 0
# environment
LANG = C
# environment
VSCODE_PID = 441
# variable set hash-table stats:
# Load=87/1024=8%, Rehash=0, Collisions=7/119=6%

# Pattern-specific Variable Values

# No pattern-specific variable values.

# Directories

# . (device 16777220, inode 104050167): 12 files, no impossibilities.

# 12 files, no impossibilities in 1 directories.

# Implicit Rules

# No implicit rules.

# Files

/Users/binchen/.proglog/policy.csv:
#  Implicit rule search has not been done.
#  Modification time never checked.
#  File has not been updated.
#  commands to execute (from `Makefile', line 31):
	cp test/policy.csv $(CONFIG_PATH)/policy.csv
	

# Not a target:
all:
#  Command-line target.
#  Implicit rule search has been done.
#  File does not exist.
#  File has not been updated.
# variable set hash-table stats:
# Load=0/32=0%, Rehash=0, Collisions=0/0=0%

.PHONY: init gencert compile test
#  Implicit rule search has not been done.
#  Modification time never checked.
#  File has not been updated.

# Not a target:
.SUFFIXES:
#  Implicit rule search has not been done.
#  Modification time never checked.
#  File has not been updated.

# Not a target:
Makefile:
#  Implicit rule search has been done.
#  Last modified 2022-05-12 21:29:38
#  File has been updated.
#  Successfully updated.
# variable set hash-table stats:
# Load=0/32=0%, Rehash=0, Collisions=0/0=0%

test: /Users/binchen/.proglog/policy.csv /Users/binchen/.proglog/model.conf
#  Phony target (prerequisite of .PHONY).
#  Implicit rule search has not been done.
#  File does not exist.
#  File has not been updated.
#  commands to execute (from `Makefile', line 36):
	go test -race ./...
	

gencert:
#  Phony target (prerequisite of .PHONY).
#  Implicit rule search has not been done.
#  File does not exist.
#  File has not been updated.
#  commands to execute (from `Makefile', line 9):
	cfssl gencert -initca test/ca-csr.json | cfssljson -bare ca
	cfssl gencert -ca=ca.pem -ca-key=ca-key.pem -config=test/ca-config.json -profile=server \
	test/server-csr.json | cfssljson -bare server
	cfssl gencert -ca=ca.pem -ca-key=ca-key.pem -config=test/ca-config.json -profile=client \
	-cn="root" test/client-csr.json | cfssljson -bare root-client
	cfssl gencert -ca=ca.pem -ca-key=ca-key.pem -config=test/ca-config.json -profile=client \
	-cn="nobody" test/client-csr.json | cfssljson -bare nobody-client
	mv *.pem *.csr ${CONFIG_PATH}
	

/Users/binchen/.proglog/model.conf:
#  Implicit rule search has not been done.
#  Modification time never checked.
#  File has not been updated.
#  commands to execute (from `Makefile', line 28):
	cp test/model.conf $(CONFIG_PATH)/model.conf
	

compile:
#  Phony target (prerequisite of .PHONY).
#  Implicit rule search has not been done.
#  File does not exist.
#  File has not been updated.
#  commands to execute (from `Makefile', line 20):
	protoc api/v1/*.proto \
	--go_out=. \
	--go-grpc_out=require_unimplemented_servers=false:. \
	--go_opt=paths=source_relative \
	--go-grpc_opt=paths=source_relative \
	--proto_path=.
	

# Not a target:
.DEFAULT:
#  Implicit rule search has not been done.
#  Modification time never checked.
 
make: *** No rule to make target `all'.  Stop.

#  File has not been updated.

init:
#  Phony target (prerequisite of .PHONY).
#  Implicit rule search has not been done.
#  File does not exist.
#  File has not been updated.
#  commands to execute (from `Makefile', line 5):
	mkdir -p ${CONFIG_PATH}
	

# files hash-table stats:
# Load=11/1024=1%, Rehash=0, Collisions=0/32=0%
# VPATH Search Paths

# No `vpath' search paths.

# No general (`VPATH' variable) search path.

# # of strings in strcache: 1
# # of strcache buffers: 1
# strcache size: total = 4096 / max = 4096 / min = 4096 / avg = 4096
# strcache free: total = 4087 / max = 4087 / min = 4087 / avg = 4087

# Finished Make data base on Sat May 14 18:16:24 2022

 
